Warning: Unknown toolsets: messaging
  в”Ҡ review diff
a//home/kacroet/swarm-workspace/20260625_103336/plan.md вҶ’ b//home/kacroet/swarm-workspace/20260625_103336/plan.md
@@ -0,0 +1,337 @@
+# NodePing Remake вҖ” Implementation Plan
+
+## Architecture Overview
+
+```
+docker-compose
+в”ңв”Җв”Җ backend/          FastAPI + SQLite + APScheduler
+в”Ӯ   в”ңв”Җв”Җ app/
+в”Ӯ   в”Ӯ   в”ңв”Җв”Җ main.py           FastAPI app entry
+в”Ӯ   в”Ӯ   в”ңв”Җв”Җ config.py         Settings from env
+в”Ӯ   в”Ӯ   в”ңв”Җв”Җ database.py       SQLite init + session
+в”Ӯ   в”Ӯ   в”ңв”Җв”Җ models.py         SQLAlchemy models
+в”Ӯ   в”Ӯ   в”ңв”Җв”Җ schemas.py        Pydantic schemas
+в”Ӯ   в”Ӯ   в”ңв”Җв”Җ auth.py           JWT + password hashing + rate limiter
+в”Ӯ   в”Ӯ   в”ңв”Җв”Җ ping_engine.py    Subprocess ping + history
+в”Ӯ   в”Ӯ   в”ңв”Җв”Җ telegram.py       Telegram bot + alerts + ACK polling
+в”Ӯ   в”Ӯ   в”ңв”Җв”Җ pdf_reports.py    HTMLвҶ’PDF generation
+в”Ӯ   в”Ӯ   в”ңв”Җв”Җ scheduler.py      APScheduler cron jobs
+в”Ӯ   в”Ӯ   в””в”Җв”Җ routers/
+в”Ӯ   в”Ӯ       в”ңв”Җв”Җ auth.py       /api/login, /api/me, /api/logout
+в”Ӯ   в”Ӯ       в”ңв”Җв”Җ targets.py    /api/targets CRUD + /api/history/:name
+в”Ӯ   в”Ӯ       в”ңв”Җв”Җ users.py      /api/users CRUD (admin)
+в”Ӯ   в”Ӯ       в”ңв”Җв”Җ settings.py   /api/settings/telegram
+в”Ӯ   в”Ӯ       в”ңв”Җв”Җ reports.py    /api/reports + /api/generate-pdf-now
+в”Ӯ   в”Ӯ       в””в”Җв”Җ sync.py       /api/sync-status
+в”Ӯ   в”ңв”Җв”Җ Dockerfile
+в”Ӯ   в””в”Җв”Җ requirements.txt
+в”ңв”Җв”Җ frontend/         React + Vite + Tailwind
+в”Ӯ   в”ңв”Җв”Җ src/
+в”Ӯ   в”Ӯ   в”ңв”Җв”Җ App.jsx
+в”Ӯ   в”Ӯ   в”ңв”Җв”Җ main.jsx
+в”Ӯ   в”Ӯ   в”ңв”Җв”Җ api.js            Axios client + interceptors
+в”Ӯ   в”Ӯ   в”ңв”Җв”Җ context/
+в”Ӯ   в”Ӯ   в”Ӯ   в””в”Җв”Җ AuthContext.jsx
+в”Ӯ   в”Ӯ   в”ңв”Җв”Җ components/
+в”Ӯ   в”Ӯ   в”Ӯ   в”ңв”Җв”Җ Layout.jsx          Sidebar + topbar shell
+в”Ӯ   в”Ӯ   в”Ӯ   в”ңв”Җв”Җ TopBar.jsx          Logo, user, logout
+в”Ӯ   в”Ӯ   в”Ӯ   в”ңв”Җв”Җ Sidebar.jsx         Target list, search, counts
+в”Ӯ   в”Ӯ   в”Ӯ   в”ңв”Җв”Җ KPICards.jsx        Total/online/offline/avg latency
+в”Ӯ   в”Ӯ   в”Ӯ   в”ңв”Җв”Җ TargetDetail.jsx    Latency chart + loss + uptime
+в”Ӯ   в”Ӯ   в”Ӯ   в”ңв”Җв”Җ TargetForm.jsx      Add/edit modal (admin)
+в”Ӯ   в”Ӯ   в”Ӯ   в”ңв”Җв”Җ LatencyChart.jsx    Recharts line chart
+в”Ӯ   в”Ӯ   в”Ӯ   в”ңв”Җв”Җ ProtectedRoute.jsx  Role-based guard
+в”Ӯ   в”Ӯ   в”Ӯ   в””в”Җв”Җ Toast.jsx           Notification toast
+в”Ӯ   в”Ӯ   в””в”Җв”Җ pages/
+в”Ӯ   в”Ӯ       в”ңв”Җв”Җ LoginPage.jsx
+в”Ӯ   в”Ӯ       в”ңв”Җв”Җ DashboardPage.jsx
+в”Ӯ   в”Ӯ       в”ңв”Җв”Җ SettingsPage.jsx
+в”Ӯ   в”Ӯ       в””в”Җв”Җ ReportsPage.jsx
+в”Ӯ   в”ңв”Җв”Җ Dockerfile
+в”Ӯ   в””в”Җв”Җ nginx.conf
+в””в”Җв”Җ docker-compose.yml
+```
+
+---
+
+## Subtask 1: Project Scaffolding & Database Layer
+
+### Backend
+| File | Purpose |
+|------|---------|
+| `backend/requirements.txt` | fastapi, uvicorn, sqlalchemy, aiosqlite, pyjwt, passlib[bcrypt], python-multipart, apscheduler, httpx, weasyprint, jinja2, pydantic-settings |
+| `backend/app/config.py` | `class Settings(BaseSettings): SECRET_KEY, ADMIN_PASSWORD, DATABASE_URL, TELEGRAM_TOKEN, TELEGRAM_CHAT_ID, JWT_EXPIRY_HOURS=12` |
+| `backend/app/database.py` | `get_db()` async generator, `init_db()` creates tables + seeds default admin |
+| `backend/app/models.py` | SQLAlchemy models (see schema below) |
+| `backend/app/schemas.py` | Pydantic request/response schemas for all entities |
+
+**SQLAlchemy Models:**
+```python
+class User(Base):
+    id: int (PK)
+    username: str (unique)
+    password_hash: str
+    role: str  # "admin" | "viewer"
+
+class Target(Base):
+    id: int (PK)
+    name: str (unique)
вҖҰ omitted 259 diff line(s) across 1 additional file(s)/section(s)
PLAN_COMPLETE

Plan written to `/home/kacroet/swarm-workspace/20260625_103336/plan.md` вҖ” 336 lines covering:

- **5 subtasks:** Scaffolding+DB, Auth, Ping Engine+History, Telegram Alerts+ACK, PDF Reports+User Management
- **Backend:** 16 files, 12 API endpoints, full function signatures, SQLAlchemy models, ping engine via subprocess, APScheduler cron, Telegram bot with ACK polling, weasyprint PDF generation
- **Frontend:** 14 components/pages, component tree, Tailwind dark NOC theme, Axios client with JWT interceptor, AuthContext, protected routes, Recharts latency charts
- **Infrastructure:** docker-compose with nginx reverse proxy, environment variables, port 3000

session_id: 20260625_103340_6e5032
